
<<<<<<< HEAD
 404 error at {}: {}
 404 error at {}: {}
 404 error at {}: {}
 404 error at {}: {}
 404 error at {}: {}
 404 error at {}: {}
 404 error at {}: {}
 404 error at {}: {}
 404 error at {}: {}
 404 error at {}: {}
=======
404 error at 28-10-2019 07:45:18: http://localhost/this/does/not/exist 
404 error at 28-10-2019 07:45:21: http://localhost/tasks/ 
404 error at 28-10-2019 07:45:28: http://localhost/testing 
404 error at 28-10-2019 07:45:29: http://localhost/tasks/ 
404 error at 28-10-2019 07:45:30: http://localhost/tasks/ 
404 error at 28-10-2019 07:45:31: http://localhost/tasks/ 
>>>>>>> fix_master_error

404 error at 28-10-2019 07:58:14: http://localhost/this/does/not/exist 
404 error at 28-10-2019 07:58:16: http://localhost/tasks/ 
404 error at 28-10-2019 07:58:23: http://localhost/testing 
404 error at 28-10-2019 07:58:24: http://localhost/tasks/ 
404 error at 28-10-2019 07:58:25: http://localhost/tasks/ 
404 error at 28-10-2019 07:58:26: http://localhost/tasks/ 
404 error at 28-10-2019 07:59:48: http://localhost/this/does/not/exist 
404 error at 28-10-2019 07:59:50: http://localhost/tasks/ 
404 error at 28-10-2019 07:59:57: http://localhost/testing 
404 error at 28-10-2019 07:59:58: http://localhost/tasks/ 
404 error at 28-10-2019 07:59:59: http://localhost/tasks/ 
404 error at 28-10-2019 08:00:00: http://localhost/tasks/ 
404 error at 28-10-2019 08:01:15: http://localhost/this/does/not/exist 
404 error at 28-10-2019 08:01:18: http://localhost/tasks/ 
404 error at 28-10-2019 08:01:26: http://localhost/testing 
404 error at 28-10-2019 08:01:28: http://localhost/tasks/ 
404 error at 28-10-2019 08:01:29: http://localhost/tasks/ 
404 error at 28-10-2019 08:01:30: http://localhost/tasks/ 